Log file open, 10/05/20 15:53:23
LogWindows: Failed to load 'aqProf.dll' (GetLastError=126)
LogWindows: File 'aqProf.dll' does not exist
LogWindows: Failed to load 'VtuneApi.dll' (GetLastError=126)
LogWindows: File 'VtuneApi.dll' does not exist
LogWindows: Failed to load 'VtuneApi32e.dll' (GetLastError=126)
LogWindows: File 'VtuneApi32e.dll' does not exist
LogConsoleResponse: Display: Failed to find resolution value strings in scalability ini. Falling back to default.
LogInit: Display: Running engine for game: JaxAndLegger
LogPlatformFile: Not using cached read wrapper
LogTaskGraph: Started task graph with 5 named threads and 35 total threads with 3 sets of task threads.
LogStats: Stats thread started at 0.070193
LogD3D11RHI: Loaded GFSDK_Aftermath_Lib.x64.dll
LogICUInternationalization: ICU TimeZone Detection - Raw Offset: +1:00, Platform Override: ''
LogPluginManager: Mounting plugin Paper2D
LogPluginManager: Mounting plugin AISupport
LogPluginManager: Mounting plugin LightPropagationVolume
LogPluginManager: Mounting plugin ActorLayerUtilities
LogPluginManager: Mounting plugin AnimationSharing
LogPluginManager: Mounting plugin CLionSourceCodeAccess
LogPluginManager: Mounting plugin CodeLiteSourceCodeAccess
LogPluginManager: Mounting plugin GitSourceControl
LogPluginManager: Mounting plugin KDevelopSourceCodeAccess
LogPluginManager: Mounting plugin NullSourceCodeAccess
LogPluginManager: Mounting plugin PerforceSourceControl
LogPluginManager: Mounting plugin SubversionSourceControl
LogPluginManager: Mounting plugin UObjectPlugin
LogPluginManager: Mounting plugin VisualStudioCodeSourceCodeAccess
LogPluginManager: Mounting plugin VisualStudioSourceCodeAccess
LogPluginManager: Mounting plugin XCodeSourceCodeAccess
LogPluginManager: Mounting plugin AssetManagerEditor
LogPluginManager: Mounting plugin CryptoKeys
LogPluginManager: Mounting plugin CurveEditorTools
LogPluginManager: Mounting plugin DataValidation
LogPluginManager: Mounting plugin FacialAnimation
LogPluginManager: Mounting plugin GameplayTagsEditor
LogPluginManager: Mounting plugin MacGraphicsSwitching
LogPluginManager: Mounting plugin MaterialAnalyzer
LogPluginManager: Mounting plugin MobileLauncherProfileWizard
LogPluginManager: Mounting plugin PluginBrowser
LogPluginManager: Mounting plugin SpeedTreeImporter
LogPluginManager: Mounting plugin DatasmithContent
LogPluginManager: Mounting plugin VariantManagerContent
LogPluginManager: Mounting plugin AlembicImporter
LogPluginManager: Mounting plugin AutomationUtils
LogPluginManager: Mounting plugin BackChannel
LogPluginManager: Mounting plugin CharacterAI
LogPluginManager: Mounting plugin GeometryCache
LogPluginManager: Mounting plugin HTML5Networking
LogPluginManager: Mounting plugin PlatformCrypto
LogPluginManager: Mounting plugin ProxyLODPlugin
LogPluginManager: Mounting plugin SkeletalReduction
LogPluginManager: Mounting plugin MagicLeap
LogPluginManager: Mounting plugin MagicLeapMedia
LogPluginManager: Mounting plugin AndroidMedia
LogPluginManager: Mounting plugin AvfMedia
LogPluginManager: Mounting plugin ImgMedia
LogPluginManager: Mounting plugin MediaCompositing
LogPluginManager: Mounting plugin MediaPlayerEditor
LogPluginManager: Mounting plugin WebMMedia
LogPluginManager: Mounting plugin WmfMedia
LogPluginManager: Mounting plugin TcpMessaging
LogPluginManager: Mounting plugin UdpMessaging
LogPluginManager: Mounting plugin ActorSequence
LogPluginManager: Mounting plugin LevelSequenceEditor
LogPluginManager: Mounting plugin MatineeToLevelSequence
LogPluginManager: Mounting plugin NetcodeUnitTest
LogPluginManager: Mounting plugin NUTUnrealEngine4
LogPluginManager: Mounting plugin OnlineSubsystemGooglePlay
LogPluginManager: Mounting plugin OnlineSubsystemIOS
LogPluginManager: Mounting plugin OnlineSubsystem
LogPluginManager: Mounting plugin OnlineSubsystemNull
LogPluginManager: Mounting plugin OnlineSubsystemUtils
LogPluginManager: Mounting plugin LauncherChunkInstaller
LogPluginManager: Mounting plugin AndroidDeviceProfileSelector
LogPluginManager: Mounting plugin AndroidMoviePlayer
LogPluginManager: Mounting plugin AndroidPermission
LogPluginManager: Mounting plugin AppleImageUtils
LogPluginManager: Mounting plugin AppleMoviePlayer
LogPluginManager: Mounting plugin ArchVisCharacter
LogPluginManager: Mounting plugin AudioCapture
LogPluginManager: Mounting plugin CableComponent
LogPluginManager: Mounting plugin CustomMeshComponent
LogPluginManager: Mounting plugin EditableMesh
LogPluginManager: Mounting plugin ExampleDeviceProfileSelector
LogPluginManager: Mounting plugin GoogleCloudMessaging
LogPluginManager: Mounting plugin IOSDeviceProfileSelector
LogPluginManager: Mounting plugin LinuxDeviceProfileSelector
LogPluginManager: Mounting plugin LocationServicesBPLibrary
LogPluginManager: Mounting plugin MobilePatchingUtils
LogPluginManager: Mounting plugin OculusVR
LogPluginManager: Mounting plugin PhysXVehicles
LogPluginManager: Mounting plugin ProceduralMeshComponent
LogPluginManager: Mounting plugin RuntimePhysXCooking
LogPluginManager: Mounting plugin SignificanceManager
LogPluginManager: Mounting plugin SteamVR
LogPluginManager: Mounting plugin WebMMoviePlayer
LogPluginManager: Mounting plugin WindowsMoviePlayer
LogPluginManager: Mounting plugin ScreenshotTools
LogInit: Using libcurl 7.55.1-DEV
LogInit:  - built for x86_64-pc-win32
LogInit:  - supports SSL with OpenSSL/1.1.1
LogInit:  - supports HTTP deflate (compression) using libz 1.2.8
LogInit:  - other features:
LogInit:      CURL_VERSION_SSL
LogInit:      CURL_VERSION_LIBZ
LogInit:      CURL_VERSION_IPV6
LogInit:      CURL_VERSION_ASYNCHDNS
LogInit:      CURL_VERSION_LARGEFILE
LogInit:      CURL_VERSION_IDN
LogInit:  CurlRequestOptions (configurable via config and command line):
LogInit:  - bVerifyPeer = true  - Libcurl will verify peer certificate
LogInit:  - bUseHttpProxy = false  - Libcurl will NOT use HTTP proxy
LogInit:  - bDontReuseConnections = false  - Libcurl will reuse connections
LogInit:  - MaxHostConnections = 16  - Libcurl will limit the number of connections to a host
LogInit:  - LocalHostAddr = Default
LogInit:  - BufferSize = 65536
LogOnline: OSS: Creating online subsystem instance for: NULL
LogInit: WinSock: version 1.1 (2.2), MaxSocks=32767, MaxUdp=65467
LogInit: Build: ++UE4+Release-4.23-CL-9631420
LogInit: Engine Version: 4.23.1-9631420+++UE4+Release-4.23
LogInit: Compatible Engine Version: 4.23.0-8386587+++UE4+Release-4.23
LogInit: Net CL: 8386587
LogInit: OS: Windows 10 (Release 1909) (), CPU: Intel(R) Core(TM) i7-9750H CPU @ 2.60GHz, GPU: NVIDIA GeForce RTX 2070
LogInit: Compiled (64-bit): Oct 18 2019 02:07:44
LogInit: Compiled with Visual C++: 19.16.27030.01
LogInit: Build Configuration: Development
LogInit: Branch Name: ++UE4+Release-4.23
LogInit: Command Line:  -EpicPortal -epicusername=Caysion -epicuserid=c31b3dd2b71541f68795f0dd8ddbf530 -epiclocale=en
LogInit: Base Directory: C:/U/UE_4.23/Engine/Binaries/Win64/
LogInit: Installed Engine Build: 1
LogDevObjectVersion: Number of dev versions registered: 23
LogDevObjectVersion:   Dev-Blueprints (B0D832E4-1F89-4F0D-ACCF-7EB736FD4AA2): 10
LogDevObjectVersion:   Dev-Build (E1C64328-A22C-4D53-A36C-8E866417BD8C): 0
LogDevObjectVersion:   Dev-Core (375EC13C-06E4-48FB-B500-84F0262A717E): 3
LogDevObjectVersion:   Dev-Editor (E4B068ED-F494-42E9-A231-DA0B2E46BB41): 34
LogDevObjectVersion:   Dev-Framework (CFFC743F-43B0-4480-9391-14DF171D2073): 35
LogDevObjectVersion:   Dev-Mobile (B02B49B5-BB20-44E9-A304-32B752E40360): 2
LogDevObjectVersion:   Dev-Networking (A4E4105C-59A1-49B5-A7C5-40C4547EDFEE): 0
LogDevObjectVersion:   Dev-Online (39C831C9-5AE6-47DC-9A44-9C173E1C8E7C): 0
LogDevObjectVersion:   Dev-Physics (78F01B33-EBEA-4F98-B9B4-84EACCB95AA2): 0
LogDevObjectVersion:   Dev-Platform (6631380F-2D4D-43E0-8009-CF276956A95A): 0
LogDevObjectVersion:   Dev-Rendering (12F88B9F-8875-4AFC-A67C-D90C383ABD29): 31
LogDevObjectVersion:   Dev-Sequencer (7B5AE74C-D270-4C10-A958-57980B212A5A): 11
LogDevObjectVersion:   Dev-VR (D7296918-1DD6-4BDD-9DE2-64A83CC13884): 2
LogDevObjectVersion:   Dev-LoadTimes (C2A15278-BFE7-4AFE-6C17-90FF531DF755): 1
LogDevObjectVersion:   Private-Geometry (6EACA3D4-40EC-4CC1-B786-8BED09428FC5): 3
LogDevObjectVersion:   Dev-AnimPhys (29E575DD-E0A3-4627-9D10-D276232CDCEA): 17
LogDevObjectVersion:   Dev-Anim (AF43A65D-7FD3-4947-9873-3E8ED9C1BB05): 2
LogDevObjectVersion:   Dev-ReflectionCapture (6B266CEC-1EC7-4B8F-A30B-E4D90942FC07): 1
LogDevObjectVersion:   Dev-Automation (0DF73D61-A23F-47EA-B727-89E90C41499A): 1
LogDevObjectVersion:   FortniteMain (601D1886-AC64-4F84-AA16-D3DE0DEAC7D6): 27
LogDevObjectVersion:   Dev-Enterprise (9DFFBCD6-494F-0158-E221-12823C92A888): 6
LogDevObjectVersion:   Dev-Niagara (F2AED0AC-9AFE-416F-8664-AA7FFA26D6FC): 1
LogDevObjectVersion:   Dev-Destruction (174F1F0B-B4C6-45A5-B13F-2EE8D0FB917D): 9
LogInit: Presizing for max 16777216 objects, including 0 objects not considered by GC, pre-allocating 0 bytes for permanent pool.
LogInit: Object subsystem initialized
LogConfig: Setting CVar [[con.DebugEarlyDefault:1]]
LogConfig: Setting CVar [[r.setres:1280x720]]
[2020.10.05-13.53.23:903][  0]LogConfig: Setting CVar [[r.VSync:0]]
[2020.10.05-13.53.23:903][  0]LogConfig: Setting CVar [[r.RHICmdBypass:0]]
[2020.10.05-13.53.23:903][  0]LogConfig: Applying CVar settings from Section [/Script/Engine.RendererSettings] File [E:/Projects/JnL/Saved/Config/Windows/Engine.ini]
[2020.10.05-13.53.23:903][  0]LogConfig: Setting CVar [[r.GPUCrashDebugging:0]]
[2020.10.05-13.53.23:903][  0]LogConfig: Applying CVar settings from Section [/Script/Engine.RendererOverrideSettings] File [E:/Projects/JnL/Saved/Config/Windows/Engine.ini]
[2020.10.05-13.53.23:903][  0]LogConfig: Applying CVar settings from Section [/Script/Engine.StreamingSettings] File [E:/Projects/JnL/Saved/Config/Windows/Engine.ini]
[2020.10.05-13.53.23:904][  0]LogConfig: Setting CVar [[s.MinBulkDataSizeForAsyncLoading:131072]]
[2020.10.05-13.53.23:904][  0]LogConfig: Setting CVar [[s.AsyncLoadingThreadEnabled:0]]
[2020.10.05-13.53.23:904][  0]LogConfig: Setting CVar [[s.EventDrivenLoaderEnabled:1]]
[2020.10.05-13.53.23:904][  0]LogConfig: Setting CVar [[s.WarnIfTimeLimitExceeded:0]]
[2020.10.05-13.53.23:904][  0]LogConfig: Setting CVar [[s.TimeLimitExceededMultiplier:1.5]]
[2020.10.05-13.53.23:904][  0]LogConfig: Setting CVar [[s.TimeLimitExceededMinTime:0.005]]
[2020.10.05-13.53.23:904][  0]LogConfig: Setting CVar [[s.UseBackgroundLevelStreaming:1]]
[2020.10.05-13.53.23:904][  0]LogConfig: Setting CVar [[s.PriorityAsyncLoadingExtraTime:15.0]]
[2020.10.05-13.53.23:904][  0]LogConfig: Setting CVar [[s.LevelStreamingActorsUpdateTimeLimit:5.0]]
[2020.10.05-13.53.23:904][  0]LogConfig: Setting CVar [[s.PriorityLevelStreamingActorsUpdateExtraTime:5.0]]
[2020.10.05-13.53.23:904][  0]LogConfig: Setting CVar [[s.LevelStreamingComponentsRegistrationGranularity:10]]
[2020.10.05-13.53.23:904][  0]LogConfig: Setting CVar [[s.UnregisterComponentsTimeLimit:1.0]]
[2020.10.05-13.53.23:904][  0]LogConfig: Setting CVar [[s.LevelStreamingComponentsUnregistrationGranularity:5]]
[2020.10.05-13.53.23:904][  0]LogConfig: Applying CVar settings from Section [/Script/Engine.GarbageCollectionSettings] File [E:/Projects/JnL/Saved/Config/Windows/Engine.ini]
[2020.10.05-13.53.23:904][  0]LogConfig: Setting CVar [[gc.MaxObjectsNotConsideredByGC:1]]
[2020.10.05-13.53.23:904][  0]LogConfig: Setting CVar [[gc.SizeOfPermanentObjectPool:0]]
[2020.10.05-13.53.23:904][  0]LogConfig: Setting CVar [[gc.FlushStreamingOnGC:0]]
[2020.10.05-13.53.23:904][  0]LogConfig: Setting CVar [[gc.NumRetriesBeforeForcingGC:10]]
[2020.10.05-13.53.23:904][  0]LogConfig: Setting CVar [[gc.AllowParallelGC:1]]
[2020.10.05-13.53.23:904][  0]LogConfig: Setting CVar [[gc.TimeBetweenPurgingPendingKillObjects:61.1]]
[2020.10.05-13.53.23:904][  0]LogConfig: Setting CVar [[gc.MaxObjectsInEditor:16777216]]
[2020.10.05-13.53.23:904][  0]LogConfig: Setting CVar [[gc.IncrementalBeginDestroyEnabled:1]]
[2020.10.05-13.53.23:904][  0]LogConfig: Setting CVar [[gc.CreateGCClusters:1]]
[2020.10.05-13.53.23:904][  0]LogConfig: Setting CVar [[gc.MinGCClusterSize:5]]
[2020.10.05-13.53.23:904][  0]LogConfig: Setting CVar [[gc.ActorClusteringEnabled:0]]
[2020.10.05-13.53.23:904][  0]LogConfig: Setting CVar [[gc.BlueprintClusteringEnabled:0]]
[2020.10.05-13.53.23:904][  0]LogConfig: Setting CVar [[gc.UseDisregardForGCOnDedicatedServers:0]]
[2020.10.05-13.53.23:904][  0]LogConfig: Applying CVar settings from Section [/Script/Engine.NetworkSettings] File [E:/Projects/JnL/Saved/Config/Windows/Engine.ini]
[2020.10.05-13.53.23:904][  0]LogConfig: Applying CVar settings from Section [/Script/UnrealEd.CookerSettings] File [E:/Projects/JnL/Saved/Config/Windows/Engine.ini]
[2020.10.05-13.53.23:908][  0]LogConfig: Applying CVar settings from Section [ViewDistanceQuality@3] File [E:/Projects/JnL/Saved/Config/Windows/Scalability.ini]
[2020.10.05-13.53.23:908][  0]LogConfig: Setting CVar [[r.SkeletalMeshLODBias:0]]
[2020.10.05-13.53.23:908][  0]LogConfig: Setting CVar [[r.ViewDistanceScale:1.0]]
[2020.10.05-13.53.23:908][  0]LogConfig: Applying CVar settings from Section [AntiAliasingQuality@3] File [E:/Projects/JnL/Saved/Config/Windows/Scalability.ini]
[2020.10.05-13.53.23:908][  0]LogConfig: Setting CVar [[r.PostProcessAAQuality:4]]
[2020.10.05-13.53.23:908][  0]LogConfig: Applying CVar settings from Section [ShadowQuality@3] File [E:/Projects/JnL/Saved/Config/Windows/Scalability.ini]
[2020.10.05-13.53.23:908][  0]LogConfig: Setting CVar [[r.LightFunctionQuality:1]]
[2020.10.05-13.53.23:908][  0]LogConfig: Setting CVar [[r.ShadowQuality:5]]
[2020.10.05-13.53.23:908][  0]LogConfig: Setting CVar [[r.Shadow.CSM.MaxCascades:10]]
[2020.10.05-13.53.23:908][  0]LogConfig: Setting CVar [[r.Shadow.MaxResolution:2048]]
[2020.10.05-13.53.23:908][  0]LogConfig: Setting CVar [[r.Shadow.MaxCSMResolution:2048]]
[2020.10.05-13.53.23:908][  0]LogConfig: Setting CVar [[r.Shadow.RadiusThreshold:0.01]]
[2020.10.05-13.53.23:908][  0]LogConfig: Setting CVar [[r.Shadow.DistanceScale:1.0]]
[2020.10.05-13.53.23:908][  0]LogConfig: Setting CVar [[r.Shadow.CSM.TransitionScale:1.0]]
[2020.10.05-13.53.23:908][  0]LogConfig: Setting CVar [[r.Shadow.PreShadowResolutionFactor:1.0]]
[2020.10.05-13.53.23:908][  0]LogConfig: Setting CVar [[r.DistanceFieldShadowing:1]]
[2020.10.05-13.53.23:908][  0]LogConfig: Setting CVar [[r.DistanceFieldAO:1]]
[2020.10.05-13.53.23:908][  0]LogConfig: Setting CVar [[r.AOQuality:2]]
[2020.10.05-13.53.23:908][  0]LogConfig: Setting CVar [[r.VolumetricFog:1]]
[2020.10.05-13.53.23:908][  0]LogConfig: Setting CVar [[r.VolumetricFog.GridPixelSize:8]]
[2020.10.05-13.53.23:908][  0]LogConfig: Setting CVar [[r.VolumetricFog.GridSizeZ:128]]
[2020.10.05-13.53.23:908][  0]LogConfig: Setting CVar [[r.VolumetricFog.HistoryMissSupersampleCount:4]]
[2020.10.05-13.53.23:908][  0]LogConfig: Setting CVar [[r.LightMaxDrawDistanceScale:1]]
[2020.10.05-13.53.23:908][  0]LogConfig: Setting CVar [[r.CapsuleShadows:1]]
[2020.10.05-13.53.23:908][  0]LogConfig: Applying CVar settings from Section [PostProcessQuality@3] File [E:/Projects/JnL/Saved/Config/Windows/Scalability.ini]
[2020.10.05-13.53.23:908][  0]LogConfig: Setting CVar [[r.MotionBlurQuality:4]]
[2020.10.05-13.53.23:908][  0]LogConfig: Setting CVar [[r.AmbientOcclusionMipLevelFactor:0.4]]
[2020.10.05-13.53.23:908][  0]LogConfig: Setting CVar [[r.AmbientOcclusionMaxQuality:100]]
[2020.10.05-13.53.23:908][  0]LogConfig: Setting CVar [[r.AmbientOcclusionLevels:-1]]
[2020.10.05-13.53.23:908][  0]LogConfig: Setting CVar [[r.AmbientOcclusionRadiusScale:1.0]]
[2020.10.05-13.53.23:908][  0]LogConfig: Setting CVar [[r.DepthOfFieldQuality:2]]
[2020.10.05-13.53.23:908][  0]LogConfig: Setting CVar [[r.RenderTargetPoolMin:400]]
[2020.10.05-13.53.23:908][  0]LogConfig: Setting CVar [[r.LensFlareQuality:2]]
[2020.10.05-13.53.23:908][  0]LogConfig: Setting CVar [[r.SceneColorFringeQuality:1]]
[2020.10.05-13.53.23:908][  0]LogConfig: Setting CVar [[r.EyeAdaptationQuality:2]]
[2020.10.05-13.53.23:908][  0]LogConfig: Setting CVar [[r.BloomQuality:5]]
[2020.10.05-13.53.23:908][  0]LogConfig: Setting CVar [[r.FastBlurThreshold:100]]
[2020.10.05-13.53.23:908][  0]LogConfig: Setting CVar [[r.Upscale.Quality:3]]
[2020.10.05-13.53.23:908][  0]LogConfig: Setting CVar [[r.Tonemapper.GrainQuantization:1]]
[2020.10.05-13.53.23:908][  0]LogConfig: Setting CVar [[r.LightShaftQuality:1]]
[2020.10.05-13.53.23:908][  0]LogConfig: Setting CVar [[r.Filter.SizeScale:1]]
[2020.10.05-13.53.23:908][  0]LogConfig: Setting CVar [[r.Tonemapper.Quality:5]]
[2020.10.05-13.53.23:908][  0]LogConfig: Setting CVar [[r.DOF.Gather.AccumulatorQuality:1        ; higher gathering accumulator quality]]
[2020.10.05-13.53.23:908][  0]LogConfig: Setting CVar [[r.DOF.Gather.PostfilterMethod:1          ; Median3x3 postfilering method]]
[2020.10.05-13.53.23:908][  0]LogConfig: Setting CVar [[r.DOF.Gather.EnableBokehSettings:0       ; no bokeh simulation when gathering]]
[2020.10.05-13.53.23:908][  0]LogConfig: Setting CVar [[r.DOF.Gather.RingCount:4                 ; medium number of samples when gathering]]
[2020.10.05-13.53.23:908][  0]LogConfig: Setting CVar [[r.DOF.Scatter.ForegroundCompositing:1    ; additive foreground scattering]]
[2020.10.05-13.53.23:908][  0]LogConfig: Setting CVar [[r.DOF.Scatter.BackgroundCompositing:2    ; additive background scattering]]
[2020.10.05-13.53.23:908][  0]LogConfig: Setting CVar [[r.DOF.Scatter.EnableBokehSettings:1      ; bokeh simulation when scattering]]
[2020.10.05-13.53.23:908][  0]LogConfig: Setting CVar [[r.DOF.Scatter.MaxSpriteRatio:0.1         ; only a maximum of 10% of scattered bokeh]]
[2020.10.05-13.53.23:908][  0]LogConfig: Setting CVar [[r.DOF.Recombine.Quality:1                ; cheap slight out of focus]]
[2020.10.05-13.53.23:908][  0]LogConfig: Setting CVar [[r.DOF.Recombine.EnableBokehSettings:0    ; no bokeh simulation on slight out of focus]]
[2020.10.05-13.53.23:908][  0]LogConfig: Setting CVar [[r.DOF.TemporalAAQuality:1                ; more stable temporal accumulation]]
[2020.10.05-13.53.23:908][  0]LogConfig: Setting CVar [[r.DOF.Kernel.MaxForegroundRadius:0.025]]
[2020.10.05-13.53.23:908][  0]LogConfig: Setting CVar [[r.DOF.Kernel.MaxBackgroundRadius:0.025]]
[2020.10.05-13.53.23:908][  0]LogConfig: Applying CVar settings from Section [TextureQuality@3] File [E:/Projects/JnL/Saved/Config/Windows/Scalability.ini]
[2020.10.05-13.53.23:908][  0]LogConfig: Setting CVar [[r.Streaming.MipBias:0]]
[2020.10.05-13.53.23:908][  0]LogConfig: Setting CVar [[r.Streaming.AmortizeCPUToGPUCopy:0]]
[2020.10.05-13.53.23:908][  0]LogConfig: Setting CVar [[r.Streaming.MaxNumTexturesToStreamPerFrame:0]]
[2020.10.05-13.53.23:908][  0]LogConfig: Setting CVar [[r.Streaming.Boost:1]]
[2020.10.05-13.53.23:908][  0]LogConfig: Setting CVar [[r.MaxAnisotropy:8]]
[2020.10.05-13.53.23:908][  0]LogConfig: Setting CVar [[r.Streaming.LimitPoolSizeToVRAM:0]]
[2020.10.05-13.53.23:908][  0]LogConfig: Setting CVar [[r.Streaming.PoolSize:1000]]
[2020.10.05-13.53.23:908][  0]LogConfig: Setting CVar [[r.Streaming.MaxEffectiveScreenSize:0]]
[2020.10.05-13.53.23:908][  0]LogConfig: Applying CVar settings from Section [EffectsQuality@3] File [E:/Projects/JnL/Saved/Config/Windows/Scalability.ini]
[2020.10.05-13.53.23:908][  0]LogConfig: Setting CVar [[r.TranslucencyLightingVolumeDim:64]]
[2020.10.05-13.53.23:908][  0]LogConfig: Setting CVar [[r.RefractionQuality:2]]
[2020.10.05-13.53.23:908][  0]LogConfig: Setting CVar [[r.SSR.Quality:3]]
[2020.10.05-13.53.23:909][  0]LogConfig: Setting CVar [[r.SceneColorFormat:4]]
[2020.10.05-13.53.23:909][  0]LogConfig: Setting CVar [[r.DetailMode:2]]
[2020.10.05-13.53.23:909][  0]LogConfig: Setting CVar [[r.TranslucencyVolumeBlur:1]]
[2020.10.05-13.53.23:909][  0]LogConfig: Setting CVar [[r.MaterialQualityLevel:1 ; High quality]]
[2020.10.05-13.53.23:909][  0]LogConfig: Setting CVar [[r.SSS.Scale:1]]
[2020.10.05-13.53.23:909][  0]LogConfig: Setting CVar [[r.SSS.SampleSet:2]]
[2020.10.05-13.53.23:909][  0]LogConfig: Setting CVar [[r.SSS.Quality:1]]
[2020.10.05-13.53.23:909][  0]LogConfig: Setting CVar [[r.SSS.HalfRes:1]]
[2020.10.05-13.53.23:909][  0]LogConfig: Setting CVar [[r.EmitterSpawnRateScale:1.0]]
[2020.10.05-13.53.23:909][  0]LogConfig: Setting CVar [[r.ParticleLightQuality:2]]
[2020.10.05-13.53.23:909][  0]LogConfig: Applying CVar settings from Section [FoliageQuality@3] File [E:/Projects/JnL/Saved/Config/Windows/Scalability.ini]
[2020.10.05-13.53.23:909][  0]LogConfig: Setting CVar [[foliage.DensityScale:1.0]]
[2020.10.05-13.53.23:909][  0]LogConfig: Setting CVar [[grass.DensityScale:1.0]]
[2020.10.05-13.53.23:909][  0]LogInit: Selected Device Profile: [Windows]
[2020.10.05-13.53.23:909][  0]LogInit: Applying CVar settings loaded from the selected device profile: [Windows]
[2020.10.05-13.53.23:912][  0]LogHAL: Display: Platform has ~ 16 GB [17095184384 / 17179869184 / 16], which maps to Larger [LargestMinGB=32, LargerMinGB=12, DefaultMinGB=8, SmallerMinGB=6, SmallestMinGB=0)
[2020.10.05-13.53.23:912][  0]LogInit: Going up to parent DeviceProfile []
[2020.10.05-13.53.23:912][  0]LogConfig: Applying CVar settings from Section [ViewDistanceQuality@3] File [E:/Projects/JnL/Saved/Config/Windows/Scalability.ini]
[2020.10.05-13.53.23:912][  0]LogConfig: Setting CVar [[r.SkeletalMeshLODBias:0]]
[2020.10.05-13.53.23:912][  0]LogConfig: Setting CVar [[r.ViewDistanceScale:1.0]]
[2020.10.05-13.53.23:912][  0]LogConfig: Applying CVar settings from Section [AntiAliasingQuality@3] File [E:/Projects/JnL/Saved/Config/Windows/Scalability.ini]
[2020.10.05-13.53.23:912][  0]LogConfig: Setting CVar [[r.PostProcessAAQuality:4]]
[2020.10.05-13.53.23:912][  0]LogConfig: Applying CVar settings from Section [ShadowQuality@3] File [E:/Projects/JnL/Saved/Config/Windows/Scalability.ini]
[2020.10.05-13.53.23:912][  0]LogConfig: Setting CVar [[r.LightFunctionQuality:1]]
[2020.10.05-13.53.23:912][  0]LogConfig: Setting CVar [[r.ShadowQuality:5]]
[2020.10.05-13.53.23:912][  0]LogConfig: Setting CVar [[r.Shadow.CSM.MaxCascades:10]]
[2020.10.05-13.53.23:912][  0]LogConfig: Setting CVar [[r.Shadow.MaxResolution:2048]]
[2020.10.05-13.53.23:912][  0]LogConfig: Setting CVar [[r.Shadow.MaxCSMResolution:2048]]
[2020.10.05-13.53.23:912][  0]LogConfig: Setting CVar [[r.Shadow.RadiusThreshold:0.01]]
[2020.10.05-13.53.23:912][  0]LogConfig: Setting CVar [[r.Shadow.DistanceScale:1.0]]
[2020.10.05-13.53.23:912][  0]LogConfig: Setting CVar [[r.Shadow.CSM.TransitionScale:1.0]]
[2020.10.05-13.53.23:912][  0]LogConfig: Setting CVar [[r.Shadow.PreShadowResolutionFactor:1.0]]
[2020.10.05-13.53.23:912][  0]LogConfig: Setting CVar [[r.DistanceFieldShadowing:1]]
[2020.10.05-13.53.23:912][  0]LogConfig: Setting CVar [[r.DistanceFieldAO:1]]
[2020.10.05-13.53.23:912][  0]LogConfig: Setting CVar [[r.AOQuality:2]]
[2020.10.05-13.53.23:912][  0]LogConfig: Setting CVar [[r.VolumetricFog:1]]
[2020.10.05-13.53.23:912][  0]LogConfig: Setting CVar [[r.VolumetricFog.GridPixelSize:8]]
[2020.10.05-13.53.23:912][  0]LogConfig: Setting CVar [[r.VolumetricFog.GridSizeZ:128]]
[2020.10.05-13.53.23:912][  0]LogConfig: Setting CVar [[r.VolumetricFog.HistoryMissSupersampleCount:4]]
[2020.10.05-13.53.23:912][  0]LogConfig: Setting CVar [[r.LightMaxDrawDistanceScale:1]]
[2020.10.05-13.53.23:912][  0]LogConfig: Setting CVar [[r.CapsuleShadows:1]]
[2020.10.05-13.53.23:912][  0]LogConfig: Applying CVar settings from Section [PostProcessQuality@3] File [E:/Projects/JnL/Saved/Config/Windows/Scalability.ini]
[2020.10.05-13.53.23:912][  0]LogConfig: Setting CVar [[r.MotionBlurQuality:4]]
[2020.10.05-13.53.23:912][  0]LogConfig: Setting CVar [[r.AmbientOcclusionMipLevelFactor:0.4]]
[2020.10.05-13.53.23:912][  0]LogConfig: Setting CVar [[r.AmbientOcclusionMaxQuality:100]]
[2020.10.05-13.53.23:912][  0]LogConfig: Setting CVar [[r.AmbientOcclusionLevels:-1]]
[2020.10.05-13.53.23:912][  0]LogConfig: Setting CVar [[r.AmbientOcclusionRadiusScale:1.0]]
[2020.10.05-13.53.23:912][  0]LogConfig: Setting CVar [[r.DepthOfFieldQuality:2]]
[2020.10.05-13.53.23:912][  0]LogConfig: Setting CVar [[r.RenderTargetPoolMin:400]]
[2020.10.05-13.53.23:912][  0]LogConfig: Setting CVar [[r.LensFlareQuality:2]]
[2020.10.05-13.53.23:912][  0]LogConfig: Setting CVar [[r.SceneColorFringeQuality:1]]
[2020.10.05-13.53.23:912][  0]LogConfig: Setting CVar [[r.EyeAdaptationQuality:2]]
[2020.10.05-13.53.23:912][  0]LogConfig: Setting CVar [[r.BloomQuality:5]]
[2020.10.05-13.53.23:912][  0]LogConfig: Setting CVar [[r.FastBlurThreshold:100]]
[2020.10.05-13.53.23:912][  0]LogConfig: Setting CVar [[r.Upscale.Quality:3]]
[2020.10.05-13.53.23:912][  0]LogConfig: Setting CVar [[r.Tonemapper.GrainQuantization:1]]
[2020.10.05-13.53.23:912][  0]LogConfig: Setting CVar [[r.LightShaftQuality:1]]
[2020.10.05-13.53.23:912][  0]LogConfig: Setting CVar [[r.Filter.SizeScale:1]]
[2020.10.05-13.53.23:912][  0]LogConfig: Setting CVar [[r.Tonemapper.Quality:5]]
[2020.10.05-13.53.23:912][  0]LogConfig: Setting CVar [[r.DOF.Gather.AccumulatorQuality:1        ; higher gathering accumulator quality]]
[2020.10.05-13.53.23:912][  0]LogConfig: Setting CVar [[r.DOF.Gather.PostfilterMethod:1          ; Median3x3 postfilering method]]
[2020.10.05-13.53.23:912][  0]LogConfig: Setting CVar [[r.DOF.Gather.EnableBokehSettings:0       ; no bokeh simulation when gathering]]
[2020.10.05-13.53.23:912][  0]LogConfig: Setting CVar [[r.DOF.Gather.RingCount:4                 ; medium number of samples when gathering]]
[2020.10.05-13.53.23:912][  0]LogConfig: Setting CVar [[r.DOF.Scatter.ForegroundCompositing:1    ; additive foreground scattering]]
[2020.10.05-13.53.23:912][  0]LogConfig: Setting CVar [[r.DOF.Scatter.BackgroundCompositing:2    ; additive background scattering]]
[2020.10.05-13.53.23:912][  0]LogConfig: Setting CVar [[r.DOF.Scatter.EnableBokehSettings:1      ; bokeh simulation when scattering]]
[2020.10.05-13.53.23:912][  0]LogConfig: Setting CVar [[r.DOF.Scatter.MaxSpriteRatio:0.1         ; only a maximum of 10% of scattered bokeh]]
[2020.10.05-13.53.23:912][  0]LogConfig: Setting CVar [[r.DOF.Recombine.Quality:1                ; cheap slight out of focus]]
[2020.10.05-13.53.23:912][  0]LogConfig: Setting CVar [[r.DOF.Recombine.EnableBokehSettings:0    ; no bokeh simulation on slight out of focus]]
[2020.10.05-13.53.23:912][  0]LogConfig: Setting CVar [[r.DOF.TemporalAAQuality:1                ; more stable temporal accumulation]]
[2020.10.05-13.53.23:912][  0]LogConfig: Setting CVar [[r.DOF.Kernel.MaxForegroundRadius:0.025]]
[2020.10.05-13.53.23:912][  0]LogConfig: Setting CVar [[r.DOF.Kernel.MaxBackgroundRadius:0.025]]
[2020.10.05-13.53.23:912][  0]LogConfig: Applying CVar settings from Section [TextureQuality@3] File [E:/Projects/JnL/Saved/Config/Windows/Scalability.ini]
[2020.10.05-13.53.23:912][  0]LogConfig: Setting CVar [[r.Streaming.MipBias:0]]
[2020.10.05-13.53.23:912][  0]LogConfig: Setting CVar [[r.Streaming.AmortizeCPUToGPUCopy:0]]
[2020.10.05-13.53.23:912][  0]LogConfig: Setting CVar [[r.Streaming.MaxNumTexturesToStreamPerFrame:0]]
[2020.10.05-13.53.23:912][  0]LogConfig: Setting CVar [[r.Streaming.Boost:1]]
[2020.10.05-13.53.23:912][  0]LogConfig: Setting CVar [[r.MaxAnisotropy:8]]
[2020.10.05-13.53.23:912][  0]LogConfig: Setting CVar [[r.Streaming.LimitPoolSizeToVRAM:0]]
[2020.10.05-13.53.23:912][  0]LogConfig: Setting CVar [[r.Streaming.PoolSize:1000]]
[2020.10.05-13.53.23:912][  0]LogConfig: Setting CVar [[r.Streaming.MaxEffectiveScreenSize:0]]
[2020.10.05-13.53.23:912][  0]LogConfig: Applying CVar settings from Section [EffectsQuality@3] File [E:/Projects/JnL/Saved/Config/Windows/Scalability.ini]
[2020.10.05-13.53.23:912][  0]LogConfig: Setting CVar [[r.TranslucencyLightingVolumeDim:64]]
[2020.10.05-13.53.23:912][  0]LogConfig: Setting CVar [[r.RefractionQuality:2]]
[2020.10.05-13.53.23:912][  0]LogConfig: Setting CVar [[r.SSR.Quality:3]]
[2020.10.05-13.53.23:913][  0]LogConfig: Setting CVar [[r.SceneColorFormat:4]]
[2020.10.05-13.53.23:913][  0]LogConfig: Setting CVar [[r.DetailMode:2]]
[2020.10.05-13.53.23:913][  0]LogConfig: Setting CVar [[r.TranslucencyVolumeBlur:1]]
[2020.10.05-13.53.23:913][  0]LogConfig: Setting CVar [[r.MaterialQualityLevel:1 ; High quality]]
[2020.10.05-13.53.23:913][  0]LogConfig: Setting CVar [[r.SSS.Scale:1]]
[2020.10.05-13.53.23:913][  0]LogConfig: Setting CVar [[r.SSS.SampleSet:2]]
[2020.10.05-13.53.23:913][  0]LogConfig: Setting CVar [[r.SSS.Quality:1]]
[2020.10.05-13.53.23:913][  0]LogConfig: Setting CVar [[r.SSS.HalfRes:1]]
[2020.10.05-13.53.23:913][  0]LogConfig: Setting CVar [[r.EmitterSpawnRateScale:1.0]]
[2020.10.05-13.53.23:913][  0]LogConfig: Setting CVar [[r.ParticleLightQuality:2]]
[2020.10.05-13.53.23:913][  0]LogConfig: Applying CVar settings from Section [FoliageQuality@3] File [E:/Projects/JnL/Saved/Config/Windows/Scalability.ini]
[2020.10.05-13.53.23:913][  0]LogConfig: Setting CVar [[foliage.DensityScale:1.0]]
[2020.10.05-13.53.23:913][  0]LogConfig: Setting CVar [[grass.DensityScale:1.0]]
[2020.10.05-13.53.23:913][  0]LogConfig: Applying CVar settings from Section [Startup] File [../../../Engine/Config/ConsoleVariables.ini]
[2020.10.05-13.53.23:913][  0]LogConfig: Setting CVar [[net.UseAdaptiveNetUpdateFrequency:0]]
[2020.10.05-13.53.23:913][  0]LogConfig: Setting CVar [[p.chaos.AllowCreatePhysxBodies:1]]
[2020.10.05-13.53.23:913][  0]LogConfig: Applying CVar settings from Section [ConsoleVariables] File [E:/Projects/JnL/Saved/Config/Windows/Engine.ini]
[2020.10.05-13.53.23:913][  0]LogInit: Computer: DESKTOP-D6LABLT
[2020.10.05-13.53.23:913][  0]LogInit: User: Caysi
[2020.10.05-13.53.23:913][  0]LogInit: CPU Page size=4096, Cores=6
[2020.10.05-13.53.23:913][  0]LogInit: High frequency timer resolution =10.000000 MHz
[2020.10.05-13.53.23:913][  0]LogMemory: Memory total: Physical=15.9GB (16GB approx)
[2020.10.05-13.53.23:913][  0]LogMemory: Platform Memory Stats for Windows
[2020.10.05-13.53.23:913][  0]LogMemory: Process Physical Memory: 100.69 MB used, 100.70 MB peak
[2020.10.05-13.53.23:913][  0]LogMemory: Process Virtual Memory: 104.07 MB used, 104.07 MB peak
[2020.10.05-13.53.23:913][  0]LogMemory: Physical Memory: 7458.13 MB used,  8845.11 MB free, 16303.24 MB total
[2020.10.05-13.53.23:913][  0]LogMemory: Virtual Memory: 4689.23 MB used,  134213040.00 MB free, 134217728.00 MB total
[2020.10.05-13.53.23:916][  0]LogWindows: WindowsPlatformFeatures enabled
[2020.10.05-13.53.23:940][  0]LogInit: Using OS detected language (en-US).
[2020.10.05-13.53.23:940][  0]LogInit: Using OS detected locale (en-DE).
[2020.10.05-13.53.23:940][  0]LogTextLocalizationManager: No specific localization for 'en-US' exists, so the 'en' localization will be used.
[2020.10.05-13.53.24:086][  0]LogInit: Setting process to per monitor DPI aware
[2020.10.05-13.53.24:118][  0]LogSlate: New Slate User Created.  User Index 0, Is Virtual User: 0
[2020.10.05-13.53.24:118][  0]LogSlate: Slate User Registered.  User Index 0, Is Virtual User: 0
[2020.10.05-13.53.24:263][  0]LogHMD: Failed to initialize OpenVR with code 110
[2020.10.05-13.53.24:263][  0]LogD3D11RHI: D3D11 adapters:
[2020.10.05-13.53.24:325][  0]LogD3D11RHI:    0. 'NVIDIA GeForce RTX 2070' (Feature Level 11_0)
[2020.10.05-13.53.24:325][  0]LogD3D11RHI:       8031/0/8151 MB DedicatedVideo/DedicatedSystem/SharedSystem, Outputs:2, VendorId:0x10de
[2020.10.05-13.53.24:327][  0]LogD3D11RHI:    1. 'Microsoft Basic Render Driver' (Feature Level 11_0)
[2020.10.05-13.53.24:327][  0]LogD3D11RHI:       0/0/8151 MB DedicatedVideo/DedicatedSystem/SharedSystem, Outputs:0, VendorId:0x1414
[2020.10.05-13.53.24:327][  0]LogD3D11RHI: Chosen D3D11 Adapter: 0
[2020.10.05-13.53.24:334][  0]LogD3D11RHI: Creating new Direct3DDevice
[2020.10.05-13.53.24:334][  0]LogD3D11RHI:     GPU DeviceId: 0x1f10 (for the marketing name, search the web for "GPU Device Id")
[2020.10.05-13.53.24:334][  0]LogWindows: EnumDisplayDevices:
[2020.10.05-13.53.24:334][  0]LogWindows:    0. 'NVIDIA GeForce RTX 2070' (P:1 D:1)
[2020.10.05-13.53.24:335][  0]LogWindows:    1. 'NVIDIA GeForce RTX 2070' (P:0 D:1)
[2020.10.05-13.53.24:335][  0]LogWindows:    2. 'NVIDIA GeForce RTX 2070' (P:0 D:0)
[2020.10.05-13.53.24:335][  0]LogWindows:    3. 'NVIDIA GeForce RTX 2070' (P:0 D:0)
[2020.10.05-13.53.24:335][  0]LogWindows: DebugString: FoundDriverCount:4 
[2020.10.05-13.53.24:335][  0]LogD3D11RHI:     Adapter Name: NVIDIA GeForce RTX 2070
[2020.10.05-13.53.24:335][  0]LogD3D11RHI:   Driver Version: 451.67 (internal:27.21.14.5167, unified:451.67)
[2020.10.05-13.53.24:335][  0]LogD3D11RHI:      Driver Date: 7-5-2020
[2020.10.05-13.53.24:335][  0]LogRHI: Texture pool is 5621 MB (70% of 8031 MB)
[2020.10.05-13.53.24:381][  0]LogD3D11RHI: Async texture creation enabled
[2020.10.05-13.53.24:398][  0]LogD3D11RHI: GPU Timing Frequency: 1000.000000 (Debug: 2 1)
[2020.10.05-13.53.24:657][  0]LogTemp: Display: Module 'AllDesktopTargetPlatform' loaded TargetPlatform 'AllDesktop'
[2020.10.05-13.53.24:665][  0]LogTemp: Display: Module 'MacClientTargetPlatform' loaded TargetPlatform 'MacClient'
[2020.10.05-13.53.24:674][  0]LogTemp: Display: Module 'MacNoEditorTargetPlatform' loaded TargetPlatform 'MacNoEditor'
[2020.10.05-13.53.24:683][  0]LogTemp: Display: Module 'MacServerTargetPlatform' loaded TargetPlatform 'MacServer'
[2020.10.05-13.53.24:691][  0]LogTemp: Display: Module 'MacTargetPlatform' loaded TargetPlatform 'Mac'
[2020.10.05-13.53.24:700][  0]LogTemp: Display: Module 'WindowsClientTargetPlatform' loaded TargetPlatform 'WindowsClient'
[2020.10.05-13.53.24:708][  0]LogTemp: Display: Module 'WindowsNoEditorTargetPlatform' loaded TargetPlatform 'WindowsNoEditor'
[2020.10.05-13.53.24:720][  0]LogTemp: Display: Module 'WindowsServerTargetPlatform' loaded TargetPlatform 'WindowsServer'
[2020.10.05-13.53.24:725][  0]LogTemp: Display: Module 'WindowsTargetPlatform' loaded TargetPlatform 'Windows'
[2020.10.05-13.53.24:756][  0]LogTemp: Display: Module 'AndroidTargetPlatform' loaded TargetPlatform 'Android'
[2020.10.05-13.53.24:756][  0]LogTemp: Display: Module 'AndroidTargetPlatform' loaded TargetPlatform 'Android_ASTC'
[2020.10.05-13.53.24:756][  0]LogTemp: Display: Module 'AndroidTargetPlatform' loaded TargetPlatform 'Android_ATC'
[2020.10.05-13.53.24:756][  0]LogTemp: Display: Module 'AndroidTargetPlatform' loaded TargetPlatform 'Android_DXT'
[2020.10.05-13.53.24:756][  0]LogTemp: Display: Module 'AndroidTargetPlatform' loaded TargetPlatform 'Android_ETC1'
[2020.10.05-13.53.24:756][  0]LogTemp: Display: Module 'AndroidTargetPlatform' loaded TargetPlatform 'Android_ETC1a'
[2020.10.05-13.53.24:756][  0]LogTemp: Display: Module 'AndroidTargetPlatform' loaded TargetPlatform 'Android_ETC2'
[2020.10.05-13.53.24:756][  0]LogTemp: Display: Module 'AndroidTargetPlatform' loaded TargetPlatform 'Android_PVRTC'
[2020.10.05-13.53.24:756][  0]LogTemp: Display: Module 'AndroidTargetPlatform' loaded TargetPlatform 'AndroidClient'
[2020.10.05-13.53.24:756][  0]LogTemp: Display: Module 'AndroidTargetPlatform' loaded TargetPlatform 'Android_ASTCClient'
[2020.10.05-13.53.24:756][  0]LogTemp: Display: Module 'AndroidTargetPlatform' loaded TargetPlatform 'Android_ATCClient'
[2020.10.05-13.53.24:756][  0]LogTemp: Display: Module 'AndroidTargetPlatform' loaded TargetPlatform 'Android_DXTClient'
[2020.10.05-13.53.24:756][  0]LogTemp: Display: Module 'AndroidTargetPlatform' loaded TargetPlatform 'Android_ETC1Client'
[2020.10.05-13.53.24:756][  0]LogTemp: Display: Module 'AndroidTargetPlatform' loaded TargetPlatform 'Android_ETC1aClient'
[2020.10.05-13.53.24:756][  0]LogTemp: Display: Module 'AndroidTargetPlatform' loaded TargetPlatform 'Android_ETC2Client'
[2020.10.05-13.53.24:756][  0]LogTemp: Display: Module 'AndroidTargetPlatform' loaded TargetPlatform 'Android_PVRTCClient'
[2020.10.05-13.53.24:756][  0]LogTemp: Display: Module 'AndroidTargetPlatform' loaded TargetPlatform 'Android_Multi'
[2020.10.05-13.53.24:756][  0]LogTemp: Display: Module 'AndroidTargetPlatform' loaded TargetPlatform 'Android_MultiClient'
[2020.10.05-13.53.24:757][  0]LogTemp: Display: Module 'HTML5TargetPlatform' loaded TargetPlatform 'HTML5'
[2020.10.05-13.53.24:773][  0]LogTemp: Display: Module 'IOSTargetPlatform' loaded TargetPlatform 'IOSClient'
[2020.10.05-13.53.24:773][  0]LogTemp: Display: Module 'IOSTargetPlatform' loaded TargetPlatform 'IOS'
[2020.10.05-13.53.24:788][  0]LogTemp: Display: Module 'TVOSTargetPlatform' loaded TargetPlatform 'TVOSClient'
[2020.10.05-13.53.24:788][  0]LogTemp: Display: Module 'TVOSTargetPlatform' loaded TargetPlatform 'TVOS'
[2020.10.05-13.53.24:794][  0]LogTemp: Display: Module 'LinuxClientTargetPlatform' loaded TargetPlatform 'LinuxClient'
[2020.10.05-13.53.24:800][  0]LogTemp: Display: Module 'LinuxNoEditorTargetPlatform' loaded TargetPlatform 'LinuxNoEditor'
[2020.10.05-13.53.24:806][  0]LogTemp: Display: Module 'LinuxServerTargetPlatform' loaded TargetPlatform 'LinuxServer'
[2020.10.05-13.53.24:813][  0]LogTemp: Display: Module 'LinuxTargetPlatform' loaded TargetPlatform 'Linux'
[2020.10.05-13.53.24:834][  0]LogTemp: Display: Module 'LuminTargetPlatform' loaded TargetPlatform 'Lumin'
[2020.10.05-13.53.24:834][  0]LogTemp: Display: Module 'LuminTargetPlatform' loaded TargetPlatform 'LuminClient'
[2020.10.05-13.53.24:834][  0]LogTargetPlatformManager: Display: Building Assets For Windows
[2020.10.05-13.53.24:842][  0]LogAudioDebug: Display: Lib vorbis DLL was dynamically loaded.
[2020.10.05-13.53.24:890][  0]LogShaderCompilers: Guid format shader working directory is 30 characters bigger than the processId version (E:/Projects/JnL/Intermediate/Shaders/WorkingDirectory/13956/).
[2020.10.05-13.53.24:890][  0]LogShaderCompilers: Cleaned the shader compiler working directory 'C:/Users/Caysi/AppData/Local/Temp/UnrealShaderWorkingDir/12D94D1045844780E6ED6DAEC1DCE93E/'.
[2020.10.05-13.53.24:892][  0]LogXGEController: Cannot use XGE Controller as Incredibuild is not installed on this machine.
[2020.10.05-13.53.24:892][  0]LogShaderCompilers: Cannot use XGE Shader Compiler as Incredibuild is not installed on this machine.
[2020.10.05-13.53.24:892][  0]LogShaderCompilers: Display: Using Local Shader Compiler.
[2020.10.05-13.53.25:437][  0]LogDerivedDataCache: Display: Max Cache Size: 512 MB
[2020.10.05-13.53.25:479][  0]LogDerivedDataCache: Loaded boot cache 0.04s 74MB C:/Users/Caysi/AppData/Local/UnrealEngine/4.23/DerivedDataCache/Boot.ddc.
[2020.10.05-13.53.25:479][  0]LogDerivedDataCache: Display: Loaded Boot cache: C:/Users/Caysi/AppData/Local/UnrealEngine/4.23/DerivedDataCache/Boot.ddc
[2020.10.05-13.53.25:479][  0]LogDerivedDataCache: FDerivedDataBackendGraph:  Pak pak cache file E:/Projects/JnL/DerivedDataCache/DDC.ddp not found, will not use a pak cache.
[2020.10.05-13.53.25:479][  0]LogDerivedDataCache: Unable to find inner node Pak for hierarchical cache Hierarchy.
[2020.10.05-13.53.25:479][  0]LogDerivedDataCache: FDerivedDataBackendGraph:  CompressedPak pak cache file E:/Projects/JnL/DerivedDataCache/Compressed.ddp not found, will not use a pak cache.
[2020.10.05-13.53.25:479][  0]LogDerivedDataCache: Unable to find inner node CompressedPak for hierarchical cache Hierarchy.
[2020.10.05-13.53.25:489][  0]LogDerivedDataCache: Display: Pak cache opened for reading ../../../Engine/DerivedDataCache/Compressed.ddp.
[2020.10.05-13.53.25:489][  0]LogDerivedDataCache: FDerivedDataBackendGraph:  EnterprisePak pak cache file ../../../Enterprise/DerivedDataCache/Compressed.ddp not found, will not use a pak cache.
[2020.10.05-13.53.25:489][  0]LogDerivedDataCache: Unable to find inner node EnterprisePak for hierarchical cache Hierarchy.
[2020.10.05-13.53.25:490][  0]LogDerivedDataCache: Using Local data cache path C:/Users/Caysi/AppData/Local/UnrealEngine/Common/DerivedDataCache: Writable
[2020.10.05-13.53.25:490][  0]LogDerivedDataCache: Shared data cache path not found in *engine.ini, will not use an Shared cache.
[2020.10.05-13.53.25:490][  0]LogDerivedDataCache: Unable to find inner node Shared for hierarchical cache Hierarchy.
[2020.10.05-13.53.25:508][  0]LogMaterial: Verifying Global Shaders for PCD3D_SM5
[2020.10.05-13.53.25:511][  0]LogSlate: Using FreeType 2.6.0
[2020.10.05-13.53.25:511][  0]LogSlate: SlateFontServices - WITH_FREETYPE: 1, WITH_HARFBUZZ: 1
[2020.10.05-13.53.25:557][  0]LogAssetRegistry: FAssetRegistry took 0.0021 seconds to start up
[2020.10.05-13.53.25:787][  0]LogInit: Selected Device Profile: [Windows]
[2020.10.05-13.53.25:831][  0]LogMeshReduction: Using QuadricMeshReduction for automatic static mesh reduction
[2020.10.05-13.53.25:831][  0]LogMeshReduction: Using SimplygonMeshReduction for automatic skeletal mesh reduction
[2020.10.05-13.53.25:831][  0]LogMeshReduction: Using ProxyLODMeshReduction for automatic mesh merging
[2020.10.05-13.53.25:831][  0]LogMeshReduction: No distributed automatic mesh merging module available
[2020.10.05-13.53.25:831][  0]LogMeshMerging: No distributed automatic mesh merging module available
[2020.10.05-13.53.25:926][  0]LogNetVersion: JaxAndLegger 1.0.0, NetCL: 8386587, EngineNetVer: 11, GameNetVer: 0 (Checksum: 2648958118)
[2020.10.05-13.53.26:338][  0]LogPackageLocalizationCache: Processed 12 localized package path(s) for 1 prioritized culture(s) in 0.099712 seconds
[2020.10.05-13.53.26:343][  0]LogUObjectArray: 43444 objects as part of root set at end of initial load.
[2020.10.05-13.53.26:344][  0]LogUObjectAllocator: 7548648 out of 0 bytes used by permanent object pool.
[2020.10.05-13.53.26:344][  0]LogUObjectArray: CloseDisregardForGC: 0/0 objects in disregard for GC pool
[2020.10.05-13.53.27:089][  0]LogTcpMessaging: Initializing TcpMessaging bridge
[2020.10.05-13.53.27:091][  0]LogUdpMessaging: Initializing bridge on interface 0.0.0.0:0 to multicast group 230.0.0.1:6666.
[2020.10.05-13.53.27:152][  0]SourceControl: Source control is disabled
[2020.10.05-13.53.27:152][  0]SourceControl: Source control is disabled
[2020.10.05-13.53.27:153][  0]SourceControl: Source control is disabled
[2020.10.05-13.53.27:154][  0]SourceControl: Source control is disabled
[2020.10.05-13.53.27:245][  0]LogAndroidPermission: UAndroidPermissionCallbackProxy::GetInstance
[2020.10.05-13.53.27:373][  0]LogOcInput: OculusInput pre-init called
[2020.10.05-13.53.27:379][  0]LogWindows: Failed to load 'OVRPlugin.dll' (GetLastError=126)
[2020.10.05-13.53.27:379][  0]LogWindows: File 'OVRPlugin.dll' does not exist
[2020.10.05-13.53.27:437][  0]LogEngine: Initializing Engine...
[2020.10.05-13.53.27:438][  0]LogHMD: Failed to initialize OpenVR with code 110
[2020.10.05-13.53.27:439][  0]LogStats: UGameplayTagsManager::InitializeManager -  0.000 s
[2020.10.05-13.53.27:636][  0]LogInit: Initializing FReadOnlyCVARCache
[2020.10.05-13.53.27:651][  0]LogAIModule: Creating AISystem for world Untitled
[2020.10.05-13.53.27:685][  0]LogInit: XAudio2 using 'Headphones (3- Arctis 7 Game)' : 2 channels at 48 kHz using 16 bits per sample (channel mask 0x3)
[2020.10.05-13.53.27:722][  0]LogInit: FAudioDevice initialized.
[2020.10.05-13.53.27:722][  0]LogNetVersion: Set ProjectVersion to 1.0.0.0. Version Checksum will be recalculated on next use.
[2020.10.05-13.53.27:762][  0]LogDerivedDataCache: Saved boot cache 0.04s 73MB C:/Users/Caysi/AppData/Local/UnrealEngine/4.23/DerivedDataCache/Boot.ddc.
[2020.10.05-13.53.27:768][  0]LogInit: Texture streaming: Enabled
[2020.10.05-13.53.27:784][  0]LogEngineSessionManager: EngineSessionManager initialized
[2020.10.05-13.53.27:784][  0]LogEditorSessionSummary: Verbose: Initializing EditorSessionSummaryWriter for editor session tracking
[2020.10.05-13.53.27:785][  0]LogEditorSessionSummary: EditorSessionSummaryWriter initialized
[2020.10.05-13.53.27:866][  0]LogInit: Transaction tracking system initialized
[2020.10.05-13.53.27:898][  0]BlueprintLog: New page: Editor Load
[2020.10.05-13.53.27:975][  0]LocalizationService: Localization service is disabled
[2020.10.05-13.53.28:178][  0]LogFileCache: Scanning file cache for directory 'E:/Projects/JnL/Content/' took 0.02s
[2020.10.05-13.53.28:178][  0]LogCook: Display: Max memory allowance for cook 16384mb min free memory 0mb
[2020.10.05-13.53.28:178][  0]LogCook: Display: Mobile HDR setting 1
[2020.10.05-13.53.28:337][  0]SourceControl: Source control is disabled
[2020.10.05-13.53.28:337][  0]Cmd: MAP LOAD FILE="E:/Projects/JnL/Content/Maps/MainMenu.umap" TEMPLATE=0 SHOWPROGRESS=1 FEATURELEVEL=3
[2020.10.05-13.53.28:342][  0]LightingResults: New page: Lighting Build
[2020.10.05-13.53.28:345][  0]LogWorld: UWorld::CleanupWorld for Untitled, bSessionEnded=true, bCleanupResources=true
[2020.10.05-13.53.28:345][  0]MapCheck: New page: Map Check
[2020.10.05-13.53.28:345][  0]LightingResults: New page: Lighting Build
[2020.10.05-13.53.28:370][  0]LogUObjectHash: Compacting FUObjectHashTables data took   1.55ms
[2020.10.05-13.53.28:595][  0]LogLinker: Warning: While loading 'E:/Projects/JnL/Content/JandL_Models/BuckDock/duckblock_sm__1_.uasset' failed to load '/Game/JandL_Models/lambert1': Can't find file.
[2020.10.05-13.53.28:595][  0]LogLinker: Warning: While loading 'E:/Projects/JnL/Content/JandL_Models/BuckDock/duckblock_sm__1_.uasset' failed to load '/Game/JandL_Models/lambert1': Can't find file.
[2020.10.05-13.53.28:596][  0]LogLinker: Warning: While loading 'E:/Projects/JnL/Content/JandL_Models/BuckDock/duckblock_sm__1_.uasset' failed to load '/Game/JandL_Models/lambert1': Can't find file.
[2020.10.05-13.53.28:596][  0]LogLinker: Warning: While loading 'E:/Projects/JnL/Content/JandL_Models/BuckDock/duckblock_sm__1_.uasset' failed to load '/Game/JandL_Models/lambert1': Can't find file.
[2020.10.05-13.53.28:715][  0]LogLinker: Warning: While loading 'E:/Projects/JnL/Content/JandL_Models/BuckDock/duckblock_sm__1_.uasset' failed to load '/Game/JandL_Models/lambert1': Can't find file.
[2020.10.05-13.53.28:716][  0]LoadErrors: Failed to load /Game/JandL_Models/lambert1.lambert1 Referenced by duckblock_sm__1_
[2020.10.05-13.53.28:716][  0]LogLinker: Warning: While loading 'E:/Projects/JnL/Content/JandL_Models/BuckDock/duckblock_sm__1_.uasset' failed to load '/Game/JandL_Models/lambert1': Can't find file.
[2020.10.05-13.53.28:716][  0]LoadErrors: Failed to load /Game/JandL_Models/lambert1.lambert1 Referenced by duckblock_sm__1_
[2020.10.05-13.53.28:716][  0]LogLinker: Warning: While loading 'E:/Projects/JnL/Content/JandL_Models/BuckDock/duckblock_sm__1_.uasset' failed to load '/Game/JandL_Models/lambert1': Can't find file.
[2020.10.05-13.53.28:716][  0]LoadErrors: Failed to load /Game/JandL_Models/lambert1.lambert1 Referenced by duckblock_sm__1_
[2020.10.05-13.53.28:717][  0]LogLinker: Warning: While loading 'E:/Projects/JnL/Content/JandL_Models/BuckDock/duckblock_sm__1_.uasset' failed to load '/Game/JandL_Models/lambert1': Can't find file.
[2020.10.05-13.53.28:717][  0]LoadErrors: Failed to load /Game/JandL_Models/lambert1.lambert1 Referenced by duckblock_sm__1_
[2020.10.05-13.53.28:895][  0]LogAIModule: Creating AISystem for world MainMenu
[2020.10.05-13.53.28:901][  0]LogEditorServer: Finished looking for orphan Actors (0.000 secs)
[2020.10.05-13.53.28:928][  0]LogUObjectHash: Compacting FUObjectHashTables data took   2.25ms
[2020.10.05-13.53.28:928][  0]Cmd: MAP CHECKDEP NOCLEARLOG
[2020.10.05-13.53.28:929][  0]MapCheck: Map check complete: 0 Error(s), 0 Warning(s), took 0.31ms to complete.
[2020.10.05-13.53.28:929][  0]LogFileHelpers: Loading map 'MainMenu' took 0.591
[2020.10.05-13.53.29:071][  0]LogSlate: Updating window title bar state: overlay mode, drag disabled, window buttons hidden, title bar hidden
[2020.10.05-13.53.29:077][  0]LogSlate: Updating window title bar state: overlay mode, drag disabled, window buttons hidden, title bar hidden
[2020.10.05-13.53.29:084][  0]LogSlate: Updating window title bar state: overlay mode, drag disabled, window buttons hidden, title bar hidden
[2020.10.05-13.53.29:090][  0]LogSlate: Updating window title bar state: overlay mode, drag disabled, window buttons hidden, title bar hidden
[2020.10.05-13.53.29:108][  0]LogCollectionManager: Loaded 0 collections in 0.005180 seconds
[2020.10.05-13.53.29:125][  0]LogFileCache: Scanning file cache for directory 'E:/Projects/JnL/Saved/Collections/' took 0.00s
[2020.10.05-13.53.29:125][  0]LogFileCache: Scanning file cache for directory 'E:/Projects/JnL/Content/Developers/Caysi/Collections/' took 0.00s
[2020.10.05-13.53.29:125][  0]LogFileCache: Scanning file cache for directory 'E:/Projects/JnL/Content/Collections/' took 0.00s
[2020.10.05-13.53.29:125][  0]LogCollectionManager: Rebuilt the GUID cache for 0 collections in 0.000002 seconds
[2020.10.05-13.53.29:133][  0]LogContentBrowser: Native class hierarchy populated in 0.0069 seconds. Added 2863 classes and 680 folders.
[2020.10.05-13.53.29:142][  0]LogContentBrowser: Native class hierarchy updated for 'WidgetCarousel' in 0.0003 seconds. Added 0 classes and 0 folders.
[2020.10.05-13.53.29:417][  0]LogContentBrowser: Native class hierarchy updated for 'AddContentDialog' in 0.0003 seconds. Added 0 classes and 0 folders.
[2020.10.05-13.53.29:427][  0]LogContentBrowser: Native class hierarchy updated for 'SceneOutliner' in 0.0003 seconds. Added 1 classes and 2 folders.
[2020.10.05-13.53.29:475][  0]LogSlate: Took 0.000120 seconds to synchronously load lazily loaded font '../../../Engine/Content/Slate/Fonts/Roboto-Regular.ttf' (155K)
[2020.10.05-13.53.29:476][  0]LogSlate: Took 0.000106 seconds to synchronously load lazily loaded font '../../../Engine/Content/Slate/Fonts/Roboto-Bold.ttf' (160K)
[2020.10.05-13.53.29:487][  0]LogSlate: Took 0.006730 seconds to synchronously load lazily loaded font '../../../Engine/Content/Editor/Slate/Fonts/FontAwesome.ttf' (139K)
[2020.10.05-13.53.29:604][  0]LogRenderer: Reallocating scene render targets to support 1208x600 Format 10 NumSamples 1 (Frame:1).
[2020.10.05-13.53.29:737][  0]LogSlate: FSceneViewport::OnFocusLost() reason 5
[2020.10.05-13.53.29:778][  0]LogSlate: Window 'Tutorials' being destroyed
[2020.10.05-13.53.29:790][  0]LogContentBrowser: Native class hierarchy updated for 'HierarchicalLODOutliner' in 0.0003 seconds. Added 0 classes and 0 folders.
[2020.10.05-13.53.29:790][  0]LogLoad: (Engine Initialization) Total time: 6.95 seconds
[2020.10.05-13.53.29:790][  0]LogLoad: (Engine Initialization) Total Blueprint compile time: 0.00 seconds
[2020.10.05-13.53.29:855][  0]LogContentStreaming: Texture pool size now 1000 MB
[2020.10.05-13.53.29:858][  0]LogSlate: FSceneViewport::OnFocusLost() reason 5
[2020.10.05-13.53.29:897][  1]LogFileCache: Retrieving MD5 hashes for directory 'E:/Projects/JnL/Content/' took 0.09s
[2020.10.05-13.53.30:396][ 10]LogAssetRegistry: Asset discovery search completed in 4.8397 seconds
[2020.10.05-13.53.30:400][ 10]LogCollectionManager: Rebuilt the object cache for 0 collections in 0.000003 seconds (found 0 objects)
[2020.10.05-13.53.30:400][ 10]LogCollectionManager: Fixed up redirectors for 0 collections in 0.000046 seconds (updated 0 objects)
[2020.10.05-13.53.33:893][219]LogSlate: Took 0.004783 seconds to synchronously load lazily loaded font '../../../Engine/Content/Slate/Fonts/Roboto-Light.ttf' (167K)
[2020.10.05-13.53.36:452][373]LogSlate: Window 'Message Log' being destroyed
[2020.10.05-13.53.36:455][373]LogSlate: Window 'Message Log' being destroyed
[2020.10.05-13.53.40:869][638]LogSlate: FSceneViewport::OnFocusLost() reason 0
[2020.10.05-13.54.03:830][ 13]LogSlate: Took 0.000151 seconds to synchronously load lazily loaded font '../../../Engine/Content/Slate/Fonts/Roboto-Light.ttf' (167K)
[2020.10.05-13.54.05:407][ 13]LogTexture: Display: Building textures: AttentionSign (BGRA8, 838X628)
[2020.10.05-13.54.05:407][ 13]LogTexture: Display: Building textures: BeamBlue (BGRA8, 838X628)
[2020.10.05-13.54.05:407][ 13]LogTexture: Display: Building textures: EmojiReactionBad (BGRA8, 838X628)
[2020.10.05-13.54.05:407][ 13]LogTexture: Display: Building textures: BeamWheelpartlyBrownGreen (BGRA8, 899X703)
[2020.10.05-13.54.05:407][ 13]LogTexture: Display: Building textures: EmojiReactionGood (BGRA8, 837X628)
[2020.10.05-13.54.05:407][ 13]LogTexture: Display: Building textures: BeamRed (BGRA8, 838X628)
[2020.10.05-13.54.05:407][ 13]LogTexture: Display: Building textures: EmojiFacePalm (BGRA8, 837X628)
[2020.10.05-13.54.05:407][ 13]LogTexture: Display: Building textures: BeamWheelpartly (BGRA8, 719X702)
[2020.10.05-13.54.05:407][ 13]LogTexture: Display: Building textures: BeamWheelpartlyBrown (BGRA8, 719X702)
[2020.10.05-13.54.05:407][ 13]LogTexture: Display: Building textures: Normal_Box_Colour_001-01 (AutoDXT, 2048X2048)
[2020.10.05-13.54.05:407][ 13]LogTexture: Display: Building textures: BeamPurple (BGRA8, 837X628)
[2020.10.05-13.54.05:407][ 13]LogTexture: Display: Building textures: BeamorangeGreen (BGRA8, 838X628)
[2020.10.05-13.54.05:407][ 13]LogTexture: Display: Building textures: QuestionSign (BGRA8, 838X628)
[2020.10.05-13.54.05:407][ 13]LogTexture: Display: Building textures: OKsign (BGRA8, 837X628)
[2020.10.05-13.54.05:407][ 13]LogTexture: Display: Building textures: NoWordsSign (BGRA8, 838X628)
[2020.10.05-13.54.05:407][ 13]LogTexture: Display: Building textures: EmojiThinking (BGRA8, 837X628)
[2020.10.05-13.54.05:407][ 13]LogTexture: Display: Building textures: 3 (BGRA8, 471X938)
[2020.10.05-13.54.05:407][ 13]LogTexture: Display: Building textures: 2 (BGRA8, 470X938)
[2020.10.05-13.54.05:407][ 13]LogTexture: Display: Building textures: 11 (BGRA8, 939X470)
[2020.10.05-13.54.05:407][ 13]LogTexture: Display: Building textures: 10 (BGRA8, 813X813)
[2020.10.05-13.54.05:407][ 13]LogTexture: Display: Building textures: 0 (BGRA8, 938X469)
[2020.10.05-13.54.05:407][ 13]LogTexture: Display: Building textures: 1 (AutoDXT, 812X812)
[2020.10.05-13.54.05:407][ 13]LogTexture: Display: Building textures: 9 (BGRA8, 470X937)
[2020.10.05-13.54.05:407][ 13]LogTexture: Display: Building textures: 8 (BGRA8, 470X938)
[2020.10.05-13.54.05:407][ 13]LogTexture: Display: Building textures: 6 (BGRA8, 939X470)
[2020.10.05-13.54.05:407][ 13]LogTexture: Display: Building textures: 5 (BGRA8, 938X470)
[2020.10.05-13.54.05:407][ 13]LogTexture: Display: Building textures: 4 (AutoDXT, 812X812)
[2020.10.05-13.54.05:407][ 13]LogTexture: Display: Building textures: 7 (AutoDXT, 812X812)
[2020.10.05-13.54.05:407][ 13]LogTexture: Display: Building textures: emotesWheel (BGRA8, 702X703)
[2020.10.05-13.54.05:407][ 13]LogTexture: Display: Building textures: HQ_Lightmap0_3 (AutoDXT, 64X64)
[2020.10.05-13.54.05:407][ 13]LogTexture: Display: Building textures: HQ_Lightmap0_2 (AutoDXT, 512X512)
[2020.10.05-13.54.05:407][ 13]LogTexture: Display: Building textures: LQ_Lightmap_0_2 (DXT1, 512X512)
[2020.10.05-13.54.05:407][ 13]LogTexture: Display: Building textures: LQ_Lightmap_0_1 (DXT1, 1024X1024)
[2020.10.05-13.54.05:407][ 13]LogTexture: Display: Building textures: HQ_Lightmap0_1 (AutoDXT, 1024X1024)
[2020.10.05-13.54.05:407][ 13]LogTexture: Display: Building textures: LQ_Lightmap_0_3 (DXT1, 64X64)
[2020.10.05-13.54.05:407][ 13]LogTexture: Display: Building textures: SkyOcclusion0_3 (AutoDXT, 64X32)
[2020.10.05-13.54.05:408][ 13]LogTexture: Display: Building textures: SkyOcclusion0_2 (AutoDXT, 512X256)
[2020.10.05-13.54.05:408][ 13]LogTexture: Display: Building textures: ShadowMapTexture2D_1 (G8, 32X32)
[2020.10.05-13.54.05:408][ 13]LogTexture: Display: Building textures: SkyOcclusion0_1 (AutoDXT, 1024X512)
[2020.10.05-13.54.05:408][ 13]LogTexture: Display: Building textures: Powerline_piece (BGRA8, 2501X2500)
[2020.10.05-13.54.05:408][ 13]LogTexture: Display: Building textures: ShadowMapTexture2D_0 (G8, 1024X1024)
[2020.10.05-13.54.05:408][ 13]LogStaticMesh: Building static mesh Normal_Box_001...
[2020.10.05-13.54.05:459][ 13]LogStaticMesh: Built static mesh [0.05s] /Game/JandL_Models/Box/Normal_Box_001.Normal_Box_001
[2020.10.05-13.54.05:487][ 13]LogMaterial: Display: Missing cached shader map for material M_BlueBeam, compiling. 
[2020.10.05-13.54.05:555][ 13]LogShaderCompilers: Display: Worker (1/9): shaders left to compile 37
[2020.10.05-13.54.05:555][ 13]LogShaderCompilers: Display: Worker (2/9): shaders left to compile 32
[2020.10.05-13.54.05:555][ 13]LogShaderCompilers: Display: Worker (3/9): shaders left to compile 27
[2020.10.05-13.54.05:555][ 13]LogShaderCompilers: Display: Worker (4/9): shaders left to compile 22
[2020.10.05-13.54.05:555][ 13]LogShaderCompilers: Display: Worker (5/9): shaders left to compile 17
[2020.10.05-13.54.05:555][ 13]LogShaderCompilers: Display: Worker (6/9): shaders left to compile 12
[2020.10.05-13.54.05:555][ 13]LogShaderCompilers: Display: Worker (7/9): shaders left to compile 7
[2020.10.05-13.54.05:556][ 13]LogShaderCompilers: Display: Worker (8/9): shaders left to compile 2
[2020.10.05-13.54.05:556][ 13]LogMaterial: Display: Missing cached shader map for material M_Beam_Telep, compiling. 
[2020.10.05-13.54.05:802][ 13]LogMaterial: Display: Missing cached shader map for material M_Beam_Mag, compiling. 
[2020.10.05-13.54.05:858][ 13]LogMaterial: Display: Missing cached shader map for material M_Beam_Deact, compiling. 
[2020.10.05-13.54.05:906][ 13]LogMaterial: Display: Missing cached shader map for material M_Beam_Act, compiling. 
[2020.10.05-13.54.05:960][ 13]LogMaterial: Display: Missing cached shader map for material M_Beam_Power_Receptor, compiling. 
[2020.10.05-13.54.05:983][ 13]LogMaterial: Display: Missing cached shader map for material Nomrla_Box_Colour_001, compiling. 
[2020.10.05-13.54.06:030][ 13]LogMaterial: Display: Missing cached shader map for material M_BatteryBlock3, compiling. 
[2020.10.05-13.54.06:061][ 13]LogMaterial: Display: Missing cached shader map for material M_RightTrigger_Prism, compiling. 
[2020.10.05-13.54.06:085][ 13]LogMaterial: Display: Missing cached shader map for material M_Output_Prism, compiling. 
[2020.10.05-13.54.06:105][ 13]LogMaterial: Display: Missing cached shader map for material M_LeftTrigger_Prism, compiling. 
[2020.10.05-13.54.06:170][ 13]LogMaterial: Display: Missing cached shader map for material M_Metal_Gold, compiling. 
[2020.10.05-13.54.06:276][ 13]LogMaterial: Display: Missing cached shader map for material M_Metal_Rust, compiling. 
[2020.10.05-13.54.06:336][ 13]LogAudioDerivedData: Display: Building compressed audio format OGG hash OGG wave grab...
[2020.10.05-13.54.06:358][ 13]LogAudioDerivedData: Display: Updated SoundWave->RawPCMDataSize from 0 to 21344 while cooking SoundWave /Game/Sounds/SFX/SoundFiles/grab.grab.
[2020.10.05-13.54.06:426][ 13]LogMaterial: Display: Missing cached shader map for material M_PowerlineTest, compiling. 
[2020.10.05-13.54.06:509][ 13]LogShaderCompilers: Display: Worker (8/9): shaders left to compile 611
[2020.10.05-13.54.06:509][ 13]LogAudioDerivedData: Display: Building compressed audio format OGG hash OGG wave footstep...
[2020.10.05-13.54.06:525][ 13]LogAudioDerivedData: Display: Updated SoundWave->RawPCMDataSize from 0 to 58840 while cooking SoundWave /Game/Sounds/SFX/SoundFiles/footstep.footstep.
[2020.10.05-13.54.06:530][ 13]LogAIModule: Creating AISystem for world LevelOne
[2020.10.05-13.54.06:556][ 13]LogAssetEditorManager: Opening Asset editor for World /Game/Maps/LevelOne.LevelOne
[2020.10.05-13.54.06:626][ 13]LogUObjectHash: Compacting FUObjectHashTables data took   5.37ms
[2020.10.05-13.54.06:627][ 13]Cmd: MAP LOAD FILE="E:/Projects/JnL/Content/Maps/LevelOne.umap" TEMPLATE=0 SHOWPROGRESS=1 FEATURELEVEL=3
[2020.10.05-13.54.06:628][ 13]LightingResults: New page: Lighting Build
[2020.10.05-13.54.06:628][ 13]LoadErrors: New page: Loading map: LevelOne.umap
[2020.10.05-13.54.06:629][ 13]LogWorld: UWorld::CleanupWorld for MainMenu, bSessionEnded=true, bCleanupResources=true
[2020.10.05-13.54.06:629][ 13]MapCheck: New page: Map Check
[2020.10.05-13.54.06:629][ 13]LightingResults: New page: Lighting Build
[2020.10.05-13.54.06:660][ 13]LogUObjectHash: Compacting FUObjectHashTables data took   3.55ms
[2020.10.05-13.54.06:694][ 13]LogEditorServer: Finished looking for orphan Actors (0.000 secs)
[2020.10.05-13.54.06:726][ 13]LogUObjectHash: Compacting FUObjectHashTables data took   2.30ms
[2020.10.05-13.54.06:792][ 13]Cmd: MAP CHECKDEP NOCLEARLOG
[2020.10.05-13.54.06:795][ 13]MapCheck: Map check complete: 0 Error(s), 0 Warning(s), took 2.625ms to complete.
[2020.10.05-13.54.06:795][ 13]LogFileHelpers: Loading map 'LevelOne' took 0.169
[2020.10.05-13.54.06:920][ 14]LogShaderCompilers: Display: Worker (2/9): shaders left to compile 644
[2020.10.05-13.54.06:926][ 14]LogShaderCompilers: Display: Worker (1/9): shaders left to compile 634
[2020.10.05-13.54.07:197][ 29]LogShaderCompilers: Display: Worker (5/9): shaders left to compile 624
[2020.10.05-13.54.07:294][ 35]LogShaderCompilers: Display: Worker (4/9): shaders left to compile 614
[2020.10.05-13.54.07:294][ 35]LogShaderCompilers: Display: Worker (6/9): shaders left to compile 604
[2020.10.05-13.54.08:101][ 82]LogShaderCompilers: Display: Worker (8/9): shaders left to compile 594
[2020.10.05-13.54.08:207][ 88]LogShaderCompilers: Display: Worker (3/9): shaders left to compile 584
[2020.10.05-13.54.08:805][119]LogShaderCompilers: Display: Worker (7/9): shaders left to compile 574
[2020.10.05-13.54.09:670][170]LogShaderCompilers: Display: Worker (4/9): shaders left to compile 564
[2020.10.05-13.54.10:828][238]LogShaderCompilers: Display: Worker (5/9): shaders left to compile 554
[2020.10.05-13.54.11:499][276]LogShaderCompilers: Display: Worker (7/9): shaders left to compile 544
[2020.10.05-13.54.11:534][278]LogShaderCompilers: Display: Worker (2/9): shaders left to compile 534
[2020.10.05-13.54.12:056][309]LogShaderCompilers: Display: Worker (3/9): shaders left to compile 524
[2020.10.05-13.54.12:072][310]LogShaderCompilers: Display: Worker (1/9): shaders left to compile 514
[2020.10.05-13.54.13:282][381]LogShaderCompilers: Display: Worker (6/9): shaders left to compile 504
[2020.10.05-13.54.13:973][422]LogShaderCompilers: Display: Worker (8/9): shaders left to compile 494
[2020.10.05-13.54.14:405][447]LogShaderCompilers: Display: Worker (7/9): shaders left to compile 484
[2020.10.05-13.54.14:472][451]LogShaderCompilers: Display: Worker (4/9): shaders left to compile 474
[2020.10.05-13.54.15:055][486]LogShaderCompilers: Display: Worker (2/9): shaders left to compile 464
[2020.10.05-13.54.15:761][528]LogShaderCompilers: Display: Worker (6/9): shaders left to compile 454
[2020.10.05-13.54.16:158][552]LogShaderCompilers: Display: Worker (5/9): shaders left to compile 444
[2020.10.05-13.54.16:805][590]LogSlate: FSceneViewport::OnFocusLost() reason 0
[2020.10.05-13.54.17:061][605]LogShaderCompilers: Display: Worker (2/9): shaders left to compile 434
[2020.10.05-13.54.17:332][621]LogShaderCompilers: Display: Worker (8/9): shaders left to compile 424
[2020.10.05-13.54.17:635][639]LogShaderCompilers: Display: Worker (3/9): shaders left to compile 414
[2020.10.05-13.54.18:163][657]LogShaderCompilers: Display: Worker (1/9): shaders left to compile 404
[2020.10.05-13.54.18:530][657]LogTexture: Display: Building textures: TimedButton_Hand_C (AutoDXT, 2048X2048)
[2020.10.05-13.54.18:530][657]LogTexture: Display: Building textures: TimedButton_Foot_C (AutoDXT, 2048X2048)
[2020.10.05-13.54.18:530][657]LogMaterial: Display: Missing cached shader map for material M_TimedButton_Leggers, compiling. 
[2020.10.05-13.54.18:558][657]LogMaterial: Display: Missing cached shader map for material M_TimedButton_Jax, compiling. 
[2020.10.05-13.54.18:579][657]LogMaterial: Display: Missing cached shader map for material M_Wood_Oak, compiling. 
[2020.10.05-13.54.18:633][657]LogStaticMesh: Building static mesh SM_Button_Jax...
[2020.10.05-13.54.18:635][657]LogStaticMesh: Built static mesh [0.00s] /Game/JandL_Models/SM_Button_Jax.SM_Button_Jax
[2020.10.05-13.54.18:647][657]LogStaticMesh: Building static mesh SM_TimedButton_Base...
[2020.10.05-13.54.18:653][657]LogStaticMesh: Built static mesh [0.01s] /Game/JandL_Models/SM_TimedButton_Base.SM_TimedButton_Base
[2020.10.05-13.54.18:656][657]LogAIModule: Creating AISystem for world Level1
[2020.10.05-13.54.18:678][657]LogAssetEditorManager: Opening Asset editor for World /Game/Maps/PrototypeLevels/Level1.Level1
[2020.10.05-13.54.18:715][657]LogUObjectHash: Compacting FUObjectHashTables data took   4.36ms
[2020.10.05-13.54.18:716][657]Cmd: MAP LOAD FILE="E:/Projects/JnL/Content/Maps/PrototypeLevels/Level1.umap" TEMPLATE=0 SHOWPROGRESS=1 FEATURELEVEL=3
[2020.10.05-13.54.18:716][657]LightingResults: New page: Lighting Build
[2020.10.05-13.54.18:717][657]LoadErrors: New page: Loading map: Level1.umap
[2020.10.05-13.54.18:718][657]LogWorld: UWorld::CleanupWorld for LevelOne, bSessionEnded=true, bCleanupResources=true
[2020.10.05-13.54.18:719][657]MapCheck: New page: Map Check
[2020.10.05-13.54.18:719][657]LightingResults: New page: Lighting Build
[2020.10.05-13.54.18:755][657]LogUObjectHash: Compacting FUObjectHashTables data took   3.86ms
[2020.10.05-13.54.18:811][657]LogEditorServer: Finished looking for orphan Actors (0.000 secs)
[2020.10.05-13.54.18:855][657]LogUObjectHash: Compacting FUObjectHashTables data took   3.61ms
[2020.10.05-13.54.18:929][657]Cmd: MAP CHECKDEP NOCLEARLOG
[2020.10.05-13.54.18:931][657]MapCheck: Map check complete: 0 Error(s), 0 Warning(s), took 2.048ms to complete.
[2020.10.05-13.54.18:931][657]LogFileHelpers: Loading map 'Level1' took 0.216
[2020.10.05-13.54.19:375][677]LogShaderCompilers: Display: Worker (8/9): shaders left to compile 469
[2020.10.05-13.54.19:694][696]LogShaderCompilers: Display: Worker (7/9): shaders left to compile 459
[2020.10.05-13.54.19:709][697]LogShaderCompilers: Display: Worker (4/9): shaders left to compile 449
[2020.10.05-13.54.21:354][793]LogShaderCompilers: Display: Worker (6/9): shaders left to compile 439
[2020.10.05-13.54.22:166][841]LogShaderCompilers: Display: Worker (7/9): shaders left to compile 429
[2020.10.05-13.54.22:629][868]LogShaderCompilers: Display: Worker (5/9): shaders left to compile 419
[2020.10.05-13.54.23:016][891]LogShaderCompilers: Display: Worker (3/9): shaders left to compile 409
[2020.10.05-13.54.23:677][930]LogShaderCompilers: Display: Worker (2/9): shaders left to compile 399
[2020.10.05-13.54.24:030][951]LogShaderCompilers: Display: Worker (8/9): shaders left to compile 389
[2020.10.05-13.54.24:520][980]LogShaderCompilers: Display: Worker (1/9): shaders left to compile 379
[2020.10.05-13.54.24:953][  6]LogShaderCompilers: Display: Worker (5/9): shaders left to compile 369
[2020.10.05-13.54.25:905][ 60]LogSlate: FSceneViewport::OnFocusLost() reason 0
[2020.10.05-13.54.26:267][ 82]LogShaderCompilers: Display: Worker (4/9): shaders left to compile 359
[2020.10.05-13.54.26:789][113]LogShaderCompilers: Display: Worker (3/9): shaders left to compile 349
[2020.10.05-13.54.26:956][122]LogShaderCompilers: Display: Worker (7/9): shaders left to compile 339
[2020.10.05-13.54.27:257][140]LogShaderCompilers: Display: Worker (2/9): shaders left to compile 329
[2020.10.05-13.54.27:957][178]LogShaderCompilers: Display: Worker (8/9): shaders left to compile 319
[2020.10.05-13.54.28:408][203]LogShaderCompilers: Display: Worker (6/9): shaders left to compile 309
[2020.10.05-13.54.29:088][243]LogShaderCompilers: Display: Worker (1/9): shaders left to compile 299
[2020.10.05-13.54.29:275][254]LogShaderCompilers: Display: Worker (4/9): shaders left to compile 289
[2020.10.05-13.54.29:378][260]LogShaderCompilers: Display: Worker (5/9): shaders left to compile 279
[2020.10.05-13.54.29:809][285]LogEditorSessionSummary: EditorSessionSummary sent report. Type=Shutdown, SessionId={A9E6972A-4FAB-9A3A-C0B2-59A64DA983EC}
[2020.10.05-13.54.29:809][285]LogEditorSessionSummary: EditorSessionSummary sent report. Type=Shutdown, SessionId={ED2557A5-4973-2C07-FA6C-819F54B527C9}
[2020.10.05-13.54.30:770][339]LogEditorViewport: Clicking on Actor (LMB): StaticMeshActor (Floor17)
[2020.10.05-13.54.32:241][400]LogShaderCompilers: Display: Worker (8/9): shaders left to compile 269
[2020.10.05-13.54.32:547][415]LogShaderCompilers: Display: Worker (5/9): shaders left to compile 259
[2020.10.05-13.54.32:778][427]LogShaderCompilers: Display: Worker (2/9): shaders left to compile 249
[2020.10.05-13.54.33:112][445]LogShaderCompilers: Display: Worker (1/9): shaders left to compile 239
[2020.10.05-13.54.33:402][459]LogShaderCompilers: Display: Worker (6/9): shaders left to compile 229
[2020.10.05-13.54.34:234][502]LogShaderCompilers: Display: Worker (7/9): shaders left to compile 219
[2020.10.05-13.54.34:310][506]LogShaderCompilers: Display: Worker (3/9): shaders left to compile 209
[2020.10.05-13.54.34:915][537]LogShaderCompilers: Display: Worker (4/9): shaders left to compile 199
[2020.10.05-13.54.36:331][614]LogShaderCompilers: Display: Worker (5/9): shaders left to compile 189
[2020.10.05-13.54.37:320][664]LogShaderCompilers: Display: Worker (6/9): shaders left to compile 179
[2020.10.05-13.54.37:436][670]LogEditorViewport: Clicking on Actor (LMB): StaticMeshActor (Floor34)
[2020.10.05-13.54.37:851][686]LogShaderCompilers: Display: Worker (3/9): shaders left to compile 169
[2020.10.05-13.54.37:870][687]LogEditorViewport: Clicking on Actor (LMB): StaticMeshActor (Floor34)
[2020.10.05-13.54.38:265][708]LogShaderCompilers: Display: Worker (8/9): shaders left to compile 159
[2020.10.05-13.54.38:375][714]LogEditorViewport: Clicking on Actor (LMB): StaticMeshActor (Floor4)
[2020.10.05-13.54.38:510][719]LogShaderCompilers: Display: Worker (2/9): shaders left to compile 149
[2020.10.05-13.54.38:749][733]LogEditorViewport: Clicking on Actor (LMB): StaticMeshActor (Floor4)
[2020.10.05-13.54.39:000][747]LogShaderCompilers: Display: Worker (1/9): shaders left to compile 139
[2020.10.05-13.54.39:199][759]LogShaderCompilers: Display: Worker (7/9): shaders left to compile 129
[2020.10.05-13.54.39:287][764]LogShaderCompilers: Display: Worker (5/9): shaders left to compile 119
[2020.10.05-13.54.39:288][764]LogEditorViewport: Clicking on Actor (LMB): StaticMeshActor (Floor17)
[2020.10.05-13.54.39:752][788]LogShaderCompilers: Display: Worker (4/9): shaders left to compile 109
[2020.10.05-13.54.41:584][897]LogShaderCompilers: Display: Worker (5/9): shaders left to compile 99
[2020.10.05-13.54.41:708][904]LogShaderCompilers: Display: Worker (8/9): shaders left to compile 89
[2020.10.05-13.54.42:220][934]LogShaderCompilers: Display: Worker (1/9): shaders left to compile 79
[2020.10.05-13.54.42:288][938]LogSlate: FSceneViewport::OnFocusLost() reason 0
[2020.10.05-13.54.42:357][942]LogTemp: Repeating last play command: Selected Viewport
[2020.10.05-13.54.42:409][942]LogBlueprintUserMessages: Early PlayInEditor Detection: Level '/Game/Maps/PrototypeLevels/Level1.Level1:PersistentLevel' has LevelScriptBlueprint '/Game/Maps/PrototypeLevels/Level1.Level1:PersistentLevel.Level1' with GeneratedClass '/Game/Maps/PrototypeLevels/Level1.Level1_C' with ClassGeneratedBy '/Game/Maps/PrototypeLevels/Level1.Level1:PersistentLevel.Level1'
[2020.10.05-13.54.42:409][942]LogPlayLevel: PlayLevel: No blueprints needed recompiling
[2020.10.05-13.54.42:410][942]PIE: New page: PIE session: Level1 (Oct 5, 2020, 5:54:42 PM)
[2020.10.05-13.54.42:411][942]LogOnline: OSS: Creating online subsystem instance for: NULL
[2020.10.05-13.54.42:414][942]LogPlayLevel: Creating play world package: /Game/Maps/PrototypeLevels/UEDPIE_0_Level1
[2020.10.05-13.54.42:449][942]LogPlayLevel: PIE: StaticDuplicateObject took: (0.034030s)
[2020.10.05-13.54.42:450][942]LogAIModule: Creating AISystem for world Level1
[2020.10.05-13.54.42:451][942]LogPlayLevel: PIE: World Init took: (0.001801s)
[2020.10.05-13.54.42:451][942]LogPlayLevel: PIE: Created PIE world by copying editor world from /Game/Maps/PrototypeLevels/Level1.Level1 to /Game/Maps/PrototypeLevels/UEDPIE_0_Level1.Level1 (0.036600s)
[2020.10.05-13.54.42:486][942]LogUObjectHash: Compacting FUObjectHashTables data took   3.83ms
[2020.10.05-13.54.42:537][942]LogInit: XAudio2 using 'Headphones (3- Arctis 7 Game)' : 2 channels at 48 kHz using 16 bits per sample (channel mask 0x3)
[2020.10.05-13.54.42:598][942]LogInit: FAudioDevice initialized.
[2020.10.05-13.54.42:611][942]LogLoad: Game class is 'GameplayGM_C'
[2020.10.05-13.54.42:618][942]LogWorld: Bringing World /Game/Maps/PrototypeLevels/UEDPIE_0_Level1.Level1 up for play (max tick rate 60) at 2020.10.05-15.54.42
[2020.10.05-13.54.42:620][942]LogWorld: Bringing up level for play took: 0.006247
[2020.10.05-13.54.42:620][942]LogOnline: OSS: Creating online subsystem instance for: :Context_3
[2020.10.05-13.54.42:634][942]LogContentBrowser: Native class hierarchy updated for 'MovieSceneCapture' in 0.0006 seconds. Added 20 classes and 0 folders.
[2020.10.05-13.54.42:636][942]LogSlate: Updating window title bar state: overlay mode, drag disabled, window buttons hidden, title bar hidden
[2020.10.05-13.54.42:671][942]LogTexture: Display: Building textures: Jax (AutoDXT, 512X512)
[2020.10.05-13.54.42:671][942]PIE: Play in editor start time for /Game/Maps/PrototypeLevels/UEDPIE_0_Level1 -0.151
[2020.10.05-13.54.42:671][942]LogBlueprintUserMessages: Late PlayInEditor Detection: Level '/Game/Maps/PrototypeLevels/Level1.Level1:PersistentLevel' has LevelScriptBlueprint '/Game/Maps/PrototypeLevels/Level1.Level1:PersistentLevel.Level1' with GeneratedClass '/Game/Maps/PrototypeLevels/Level1.Level1_C' with ClassGeneratedBy '/Game/Maps/PrototypeLevels/Level1.Level1:PersistentLevel.Level1'
[2020.10.05-13.54.42:962][954]LogShaderCompilers: Display: Worker (6/9): shaders left to compile 69
[2020.10.05-13.54.43:195][968]LogShaderCompilers: Display: Worker (2/9): shaders left to compile 60
[2020.10.05-13.54.43:597][992]LogShaderCompilers: Display: Worker (7/9): shaders left to compile 52
[2020.10.05-13.54.43:731][  0]LogShaderCompilers: Display: Worker (3/9): shaders left to compile 45
[2020.10.05-13.54.44:197][ 27]LogShaderCompilers: Display: Worker (4/9): shaders left to compile 39
[2020.10.05-13.54.44:590][ 50]LogBlueprintUserMessages: [Jax_C_0] NoBeam
[2020.10.05-13.54.44:638][ 53]LogBlueprintUserMessages: [Jax_C_0] NoBeam
[2020.10.05-13.54.45:671][115]LogShaderCompilers: Display: Worker (1/9): shaders left to compile 34
[2020.10.05-13.54.45:788][122]LogShaderCompilers: Display: Worker (7/9): shaders left to compile 29
[2020.10.05-13.54.46:946][191]LogShaderCompilers: Display: Worker (4/9): shaders left to compile 25
[2020.10.05-13.54.47:024][196]LogShaderCompilers: Display: Worker (2/9): shaders left to compile 21
